<?xml version="1.0" encoding="UTF-8"?>
<testng-results skipped="0" failed="0" ignored="0" total="1" passed="1">
  <reporter-output>
  </reporter-output>
  <suite name="Default suite" duration-ms="15133" started-at="2018-12-23T03:03:03Z" finished-at="2018-12-23T03:03:18Z">
    <groups>
    </groups>
    <test name="Default test" duration-ms="15133" started-at="2018-12-23T03:03:03Z" finished-at="2018-12-23T03:03:18Z">
      <class name="com.google.qa.com.google1.VerifyLoginPage">
        <test-method status="PASS" signature="verifyLogin()[pri:0, instance:com.google.qa.com.google1.VerifyLoginPage@46d56d67]" name="verifyLogin" duration-ms="15024" started-at="2018-12-23T03:03:03Z" finished-at="2018-12-23T03:03:18Z">
          <reporter-output>
          </reporter-output>
        </test-method> <!-- verifyLogin -->
      </class> <!-- com.google.qa.com.google1.VerifyLoginPage -->
    </test> <!-- Default test -->
  </suite> <!-- Default suite -->
</testng-results>
